<Document start_line="1">
  <head1 start_line="1">
    NAME
  </head1>
  <Para start_line="4">
    W&#346;R&#211;D NOCNEJ CISZY -- implicitly utf8 test document
    in Polish
  </Para>
  <head1 start_line="6">
    DESCRIPTION
  </head1>
  <Para start_line="8">
    This is a test Pod document in UTF8. Its content is the
    lyrics to the Polish Christmas carol &#34;W&#347;r&#243;d
    nocnej ciszy&#34;.
  </Para>
  <Para start_line="11">
    W&#347;r&#243;d nocnej ciszy g&#322;os si&#281; rozchodzi:
    / Wsta&#324;cie, pasterze, B&#243;g si&#281; nam rodzi!
    / Czym pr&#281;dzej si&#281; wybierajcie, / Do Betlejem
    pospieszajcie / Przywita&#263; Pana.
  </Para>
  <Para start_line="17">
    Poszli, znale&#378;li Dzieci&#261;tko w &#380;&#322;obie
    / Z wszystkimi znaki danymi sobie. / Jako Bogu cze&#347;&#263;
    Mu dali, / A witaj&#261;c zawo&#322;ali / Z wielkiej rado&#347;ci:
  </Para>
  <Para start_line="23">
    Ach, witaj Zbawco z dawno &#380;&#261;dany, / Wiele tysi&#281;cy
    lat wygl&#261;dany / Na Ciebie kr&#243;le, prorocy / Czekali,
    a Ty&#347; tej nocy / Nam si&#281; objawi&#322;.
  </Para>
  <Para start_line="29">
    I my czekamy na Ciebie, Pana, / A skoro przyjdziesz na g&#322;os
    kap&#322;ana, / Padniemy na twarz przed Tob&#261;, / Wierz&#261;c,
    &#380;e&#347; jest pod os&#322;on&#261; / Chleba i wina.
  </Para>
  <head2 start_line="35">
    As Verbatim
  </head2>
  <Para start_line="37">
    And now as verbatim text:
  </Para>
  <VerbatimFormatted start_line="39" xml:space="preserve">
      W&#197;&#155;r&#195;&#179;d nocnej ciszy g&#197;&#130;os
    si&#196;&#153; rozchodzi:

      Wsta&#197;&#132;cie, pasterze, B&#195;&#179;g si&#196;&#153;
    nam rodzi!

      Czym pr&#196;&#153;dzej si&#196;&#153; wybierajcie,

      Do Betlejem pospieszajcie

      Przywita&#196;&#135; Pana.

    

      Poszli, znale&#197;&#186;li Dzieci&#196;&#133;tko w &#197;&#188;&#197;&#130;obie

      Z wszystkimi znaki danymi sobie.

      Jako Bogu cze&#197;&#155;&#196;&#135; Mu dali,

      A witaj&#196;&#133;c zawo&#197;&#130;ali

      Z wielkiej rado&#197;&#155;ci:

    

      Ach, witaj Zbawco z dawno &#197;&#188;&#196;&#133;dany,

      Wiele tysi&#196;&#153;cy lat wygl&#196;&#133;dany

      Na Ciebie kr&#195;&#179;le, prorocy

      Czekali, a Ty&#197;&#155; tej nocy

      Nam si&#196;&#153; objawi&#197;&#130;.

    

      I my czekamy na Ciebie, Pana,

      A skoro przyjdziesz na g&#197;&#130;os kap&#197;&#130;ana,

      Padniemy na twarz przed Tob&#196;&#133;,

      Wierz&#196;&#133;c, &#197;&#188;e&#197;&#155; jest pod
    os&#197;&#130;on&#196;&#133;

      Chleba i wina.
  </VerbatimFormatted>
  <Para start_line="63">
    [end]
  </Para>
</Document>
